This is pdfTeX, Version 3.14159265-2.6-1.40.19 (TeX Live 2019/dev/Debian) (preloaded format=pdflatex 2020.2.23)  1 DEC 2020 21:22
entering extended mode
 restricted \write18 enabled.
 file:line:error style messages enabled.
 %&-line parsing enabled.
**/home/kyam/Programs/pypolybuilder/userGuide/userGuider.tex
(/home/kyam/Programs/pypolybuilder/userGuide/userGuider.tex
LaTeX2e <2018-12-01>
(/usr/share/texlive/texmf-dist/tex/latex/base/article.cls
Document Class: article 2018/09/03 v1.4i Standard LaTeX document class
(/usr/share/texlive/texmf-dist/tex/latex/base/size12.clo
File: size12.clo 2018/09/03 v1.4i Standard LaTeX file (size option)
)
\c@part=\count80
\c@section=\count81
\c@subsection=\count82
\c@subsubsection=\count83
\c@paragraph=\count84
\c@subparagraph=\count85
\c@figure=\count86
\c@table=\count87
\abovecaptionskip=\skip41
\belowcaptionskip=\skip42
\bibindent=\dimen102
) (/usr/share/texlive/texmf-dist/tex/latex/base/inputenc.sty
Package: inputenc 2018/08/11 v1.3c Input encoding file
\inpenc@prehook=\toks14
\inpenc@posthook=\toks15
) (/usr/share/texlive/texmf-dist/tex/latex/graphics/graphicx.sty
Package: graphicx 2017/06/01 v1.1a Enhanced LaTeX Graphics (DPC,SPQR)
 (/usr/share/texlive/texmf-dist/tex/latex/graphics/keyval.sty
Package: keyval 2014/10/28 v1.15 key=value parser (DPC)
\KV@toks@=\toks16
) (/usr/share/texlive/texmf-dist/tex/latex/graphics/graphics.sty
Package: graphics 2017/06/25 v1.2c Standard LaTeX Graphics (DPC,SPQR)
 (/usr/share/texlive/texmf-dist/tex/latex/graphics/trig.sty
Package: trig 2016/01/03 v1.10 sin cos tan (DPC)
) (/usr/share/texlive/texmf-dist/tex/latex/graphics-cfg/graphics.cfg
File: graphics.cfg 2016/06/04 v1.11 sample graphics configuration
)
Package graphics Info: Driver file: pdftex.def on input line 99.
 (/usr/share/texlive/texmf-dist/tex/latex/graphics-def/pdftex.def
File: pdftex.def 2018/01/08 v1.0l Graphics/color driver for pdftex
))
\Gin@req@height=\dimen103
\Gin@req@width=\dimen104
) (/usr/share/texlive/texmf-dist/tex/latex/amsmath/amsmath.sty
Package: amsmath 2018/12/01 v2.17b AMS math features
\@mathmargin=\skip43

For additional information on amsmath, use the `?' option.
(/usr/share/texlive/texmf-dist/tex/latex/amsmath/amstext.sty
Package: amstext 2000/06/29 v2.01 AMS text
 (/usr/share/texlive/texmf-dist/tex/latex/amsmath/amsgen.sty
File: amsgen.sty 1999/11/30 v2.0 generic functions
\@emptytoks=\toks17
\ex@=\dimen105
)) (/usr/share/texlive/texmf-dist/tex/latex/amsmath/amsbsy.sty
Package: amsbsy 1999/11/29 v1.2d Bold Symbols
\pmbraise@=\dimen106
) (/usr/share/texlive/texmf-dist/tex/latex/amsmath/amsopn.sty
Package: amsopn 2016/03/08 v2.02 operator names
)
\inf@bad=\count88
LaTeX Info: Redefining \frac on input line 223.
\uproot@=\count89
\leftroot@=\count90
LaTeX Info: Redefining \overline on input line 385.
\classnum@=\count91
\DOTSCASE@=\count92
LaTeX Info: Redefining \ldots on input line 482.
LaTeX Info: Redefining \dots on input line 485.
LaTeX Info: Redefining \cdots on input line 606.
\Mathstrutbox@=\box27
\strutbox@=\box28
\big@size=\dimen107
LaTeX Font Info:    Redeclaring font encoding OML on input line 729.
LaTeX Font Info:    Redeclaring font encoding OMS on input line 730.
\macc@depth=\count93
\c@MaxMatrixCols=\count94
\dotsspace@=\muskip10
\c@parentequation=\count95
\dspbrk@lvl=\count96
\tag@help=\toks18
\row@=\count97
\column@=\count98
\maxfields@=\count99
\andhelp@=\toks19
\eqnshift@=\dimen108
\alignsep@=\dimen109
\tagshift@=\dimen110
\tagwidth@=\dimen111
\totwidth@=\dimen112
\lineht@=\dimen113
\@envbody=\toks20
\multlinegap=\skip44
\multlinetaggap=\skip45
\mathdisplay@stack=\toks21
LaTeX Info: Redefining \[ on input line 2844.
LaTeX Info: Redefining \] on input line 2845.
) (/usr/share/texlive/texmf-dist/tex/latex/amsfonts/amssymb.sty
Package: amssymb 2013/01/14 v3.01 AMS font symbols
 (/usr/share/texlive/texmf-dist/tex/latex/amsfonts/amsfonts.sty
Package: amsfonts 2013/01/14 v3.01 Basic AMSFonts support
\symAMSa=\mathgroup4
\symAMSb=\mathgroup5
LaTeX Font Info:    Overwriting math alphabet `\mathfrak' in version `bold'
(Font)                  U/euf/m/n --> U/euf/b/n on input line 106.
)) (/usr/share/texlive/texmf-dist/tex/latex/mhchem/mhchem.sty
Package: mhchem 2018/06/22 v4.08 for typesetting chemical formulae
 (/usr/share/texlive/texmf-dist/tex/latex/l3kernel/expl3.sty
Package: expl3 2019-02-15 L3 programming layer (loader) 
 (/usr/share/texlive/texmf-dist/tex/latex/l3kernel/expl3-code.tex
Package: expl3 2019-02-15 L3 programming layer (code)
\c_max_int=\count100
\l_tmpa_int=\count101
\l_tmpb_int=\count102
\g_tmpa_int=\count103
\g_tmpb_int=\count104
\g__kernel_prg_map_int=\count105
\c_log_iow=\count106
\l_iow_line_count_int=\count107
\l__iow_line_target_int=\count108
\l__iow_one_indent_int=\count109
\l__iow_indent_int=\count110
\c_zero_dim=\dimen114
\c_max_dim=\dimen115
\l_tmpa_dim=\dimen116
\l_tmpb_dim=\dimen117
\g_tmpa_dim=\dimen118
\g_tmpb_dim=\dimen119
\c_zero_skip=\skip46
\c_max_skip=\skip47
\l_tmpa_skip=\skip48
\l_tmpb_skip=\skip49
\g_tmpa_skip=\skip50
\g_tmpb_skip=\skip51
\c_zero_muskip=\muskip11
\c_max_muskip=\muskip12
\l_tmpa_muskip=\muskip13
\l_tmpb_muskip=\muskip14
\g_tmpa_muskip=\muskip15
\g_tmpb_muskip=\muskip16
\l_keys_choice_int=\count111
\l__intarray_loop_int=\count112
\c__intarray_sp_dim=\dimen120
\g__intarray_font_int=\count113
\c__fp_leading_shift_int=\count114
\c__fp_middle_shift_int=\count115
\c__fp_trailing_shift_int=\count116
\c__fp_big_leading_shift_int=\count117
\c__fp_big_middle_shift_int=\count118
\c__fp_big_trailing_shift_int=\count119
\c__fp_Bigg_leading_shift_int=\count120
\c__fp_Bigg_middle_shift_int=\count121
\c__fp_Bigg_trailing_shift_int=\count122
\c__kernel_randint_max_int=\count123
\g__fp_array_int=\count124
\l__fp_array_loop_int=\count125
\l__sort_length_int=\count126
\l__sort_min_int=\count127
\l__sort_top_int=\count128
\l__sort_max_int=\count129
\l__sort_true_max_int=\count130
\l__sort_block_int=\count131
\l__sort_begin_int=\count132
\l__sort_end_int=\count133
\l__sort_A_int=\count134
\l__sort_B_int=\count135
\l__sort_C_int=\count136
\l__tl_analysis_normal_int=\count137
\l__tl_analysis_index_int=\count138
\l__tl_analysis_nesting_int=\count139
\l__tl_analysis_type_int=\count140
\l__regex_internal_a_int=\count141
\l__regex_internal_b_int=\count142
\l__regex_internal_c_int=\count143
\l__regex_balance_int=\count144
\l__regex_group_level_int=\count145
\l__regex_mode_int=\count146
\c__regex_cs_in_class_mode_int=\count147
\c__regex_cs_mode_int=\count148
\l__regex_catcodes_int=\count149
\l__regex_default_catcodes_int=\count150
\c__regex_catcode_D_int=\count151
\c__regex_catcode_S_int=\count152
\c__regex_catcode_L_int=\count153
\c__regex_catcode_O_int=\count154
\c__regex_catcode_A_int=\count155
\c__regex_all_catcodes_int=\count156
\l__regex_show_lines_int=\count157
\l__regex_min_state_int=\count158
\l__regex_max_state_int=\count159
\l__regex_left_state_int=\count160
\l__regex_right_state_int=\count161
\l__regex_capturing_group_int=\count162
\l__regex_min_pos_int=\count163
\l__regex_max_pos_int=\count164
\l__regex_curr_pos_int=\count165
\l__regex_start_pos_int=\count166
\l__regex_success_pos_int=\count167
\l__regex_curr_char_int=\count168
\l__regex_curr_catcode_int=\count169
\l__regex_last_char_int=\count170
\l__regex_case_changed_char_int=\count171
\l__regex_curr_state_int=\count172
\l__regex_step_int=\count173
\l__regex_min_active_int=\count174
\l__regex_max_active_int=\count175
\l__regex_replacement_csnames_int=\count176
\l__regex_match_count_int=\count177
\l__regex_min_submatch_int=\count178
\l__regex_submatch_int=\count179
\l__regex_zeroth_submatch_int=\count180
\g__regex_trace_regex_int=\count181
\c_empty_box=\box29
\l_tmpa_box=\box30
\l_tmpb_box=\box31
\g_tmpa_box=\box32
\g_tmpb_box=\box33
\l__box_top_dim=\dimen121
\l__box_bottom_dim=\dimen122
\l__box_left_dim=\dimen123
\l__box_right_dim=\dimen124
\l__box_top_new_dim=\dimen125
\l__box_bottom_new_dim=\dimen126
\l__box_left_new_dim=\dimen127
\l__box_right_new_dim=\dimen128
\l__box_internal_box=\box34
\l__coffin_internal_box=\box35
\l__coffin_internal_dim=\dimen129
\l__coffin_offset_x_dim=\dimen130
\l__coffin_offset_y_dim=\dimen131
\l__coffin_x_dim=\dimen132
\l__coffin_y_dim=\dimen133
\l__coffin_x_prime_dim=\dimen134
\l__coffin_y_prime_dim=\dimen135
\c_empty_coffin=\box36
\l__coffin_aligned_coffin=\box37
\l__coffin_aligned_internal_coffin=\box38
\l_tmpa_coffin=\box39
\l_tmpb_coffin=\box40
\g_tmpa_coffin=\box41
\g_tmpb_coffin=\box42
\c__coffin_empty_coffin=\box43
\l__coffin_display_coffin=\box44
\l__coffin_display_coord_coffin=\box45
\l__coffin_display_pole_coffin=\box46
\l__coffin_display_offset_dim=\dimen136
\l__coffin_display_x_dim=\dimen137
\l__coffin_display_y_dim=\dimen138
\g__file_internal_ior=\read1
\l__coffin_bounding_shift_dim=\dimen139
\l__coffin_left_corner_dim=\dimen140
\l__coffin_right_corner_dim=\dimen141
\l__coffin_bottom_corner_dim=\dimen142
\l__coffin_top_corner_dim=\dimen143
\l__coffin_scaled_total_height_dim=\dimen144
\l__coffin_scaled_width_dim=\dimen145
\l__seq_internal_a_int=\count182
\l__seq_internal_b_int=\count183
) (/usr/share/texlive/texmf-dist/tex/latex/l3kernel/l3pdfmode.def
File: l3pdfmode.def 2019-02-15 v L3 Experimental driver: PDF mode
\l__driver_color_stack_int=\count184
)) (/usr/share/texlive/texmf-dist/tex/latex/l3packages/l3keys2e/l3keys2e.sty
Package: l3keys2e 2018-10-17 LaTeX2e option processing using LaTeX3 keys
) (/usr/share/texlive/texmf-dist/tex/latex/tools/calc.sty
Package: calc 2017/05/25 v4.3 Infix arithmetic (KKT,FJ)
\calc@Acount=\count185
\calc@Bcount=\count186
\calc@Adimen=\dimen146
\calc@Bdimen=\dimen147
\calc@Askip=\skip52
\calc@Bskip=\skip53
LaTeX Info: Redefining \setlength on input line 80.
LaTeX Info: Redefining \addtolength on input line 81.
\calc@Ccount=\count187
\calc@Cskip=\skip54
) (/usr/share/texlive/texmf-dist/tex/latex/chemgreek/chemgreek.sty (/usr/share/texlive/texmf-dist/tex/latex/l3packages/xparse/xparse.sty
Package: xparse 2018-10-17 L3 Experimental document command parser
\l__xparse_current_arg_int=\count188
\g__xparse_grabber_int=\count189
\l__xparse_m_args_int=\count190
\l__xparse_mandatory_args_int=\count191
\l__xparse_v_nesting_int=\count192
)
Package: chemgreek 2016/12/20 v1.1 interfaceforuprightgreeklettersforuseinchemistry (CN)
\l__chemgreek_tmpa_int=\count193
\g__chemgreek_tmpa_int=\count194
)
\l__mhchem_ce_distanceFromLastComma_int=\count195
\__mhchem_arrow_extPgfLength_skip=\skip55
\mhchem@minispace@tmp=\skip56
\mhchem@minibackspace@tmp=\skip57
\mhchem@bondwidth=\skip58
\mhchem@bondheight=\skip59
\mhchem@smallbondwidth@tmpA=\skip60
\mhchem@smallbondwidth@tmpB=\skip61
\mhchem@smallbondwidth=\skip62
\mhchem@bondtmp@minussidebearingleft=\skip63
\mhchem@bondtmp@minussidebearingright=\skip64
\l__mhchem_option_version_int=\count196
\mhchem@option@minusmathsidebearingleft=\dimen148
\mhchem@option@minusmathsidebearingright=\dimen149
\mhchem@option@minustextsidebearingleft=\dimen150
\mhchem@option@minustextsidebearingright=\dimen151
) (/usr/share/texlive/texmf-dist/tex/latex/siunitx/siunitx.sty
Package: siunitx 2018/05/17 v2.7s A comprehensive (SI) units package
 (/usr/share/texlive/texmf-dist/tex/latex/tools/array.sty
Package: array 2018/12/30 v2.4k Tabular extension package (FMi)
\col@sep=\dimen152
\ar@mcellbox=\box47
\extrarowheight=\dimen153
\NC@list=\toks22
\extratabsurround=\skip65
\backup@length=\skip66
\ar@cellbox=\box48
)
\l__siunitx_tmp_box=\box49
\l__siunitx_tmp_dim=\dimen154
\l__siunitx_tmp_int=\count197
\l__siunitx_number_mantissa_length_int=\count198
\l__siunitx_number_uncert_length_int=\count199
\l__siunitx_round_int=\count266
\l__siunitx_process_decimal_int=\count267
\l__siunitx_process_uncertainty_int=\count268
\l__siunitx_process_fixed_int=\count269
\l__siunitx_process_integer_min_int=\count270
\l__siunitx_process_precision_int=\count271
\l__siunitx_group_min_int=\count272
\l__siunitx_angle_marker_box=\box50
\l__siunitx_angle_unit_box=\box51
\l__siunitx_angle_marker_dim=\dimen155
\l__siunitx_angle_unit_dim=\dimen156
\l__siunitx_unit_int=\count273
\l__siunitx_unit_denominator_int=\count274
\l__siunitx_unit_numerator_int=\count275
\l__siunitx_unit_prefix_int=\count276
\l__siunitx_unit_prefix_base_int=\count277
\l__siunitx_unit_prefix_gram_int=\count278
\l__siunitx_number_product_int=\count279
\c__siunitx_one_fill_skip=\skip67
\l__siunitx_table_unit_align_skip=\skip68
\l__siunitx_table_exponent_dim=\dimen157
\l__siunitx_table_integer_dim=\dimen158
\l__siunitx_table_mantissa_dim=\dimen159
\l__siunitx_table_marker_dim=\dimen160
\l__siunitx_table_result_dim=\dimen161
\l__siunitx_table_uncert_dim=\dimen162
\l__siunitx_table_fill_pre_dim=\dimen163
\l__siunitx_table_fill_post_dim=\dimen164
\l__siunitx_table_fill_mid_dim=\dimen165
\l__siunitx_table_pre_box=\box52
\l__siunitx_table_post_box=\box53
\l__siunitx_table_mantissa_box=\box54
\l__siunitx_table_result_box=\box55
\l__siunitx_table_number_align_skip=\skip69
\l__siunitx_table_text_align_skip=\skip70
 (/usr/share/texlive/texmf-dist/tex/latex/translator/translator.sty
Package: translator 2018/01/04 v1.12 Easy translation of strings in LaTeX
)) (/usr/share/texlive/texmf-dist/tex/latex/tools/longtable.sty
Package: longtable 2014/10/28 v4.11 Multi-page Table package (DPC)+ FMi change
\LTleft=\skip71
\LTright=\skip72
\LTpre=\skip73
\LTpost=\skip74
\LTchunksize=\count280
\LTcapwidth=\dimen166
\LT@head=\box56
\LT@firsthead=\box57
\LT@foot=\box58
\LT@lastfoot=\box59
\LT@cols=\count281
\LT@rows=\count282
\c@LT@tables=\count283
\c@LT@chunks=\count284
\LT@p@ftn=\toks23
) (/usr/share/texlive/texmf-dist/tex/latex/tools/tabularx.sty
Package: tabularx 2016/02/03 v2.11b `tabularx' package (DPC)
\TX@col@width=\dimen167
\TX@old@table=\dimen168
\TX@old@col=\dimen169
\TX@target=\dimen170
\TX@delta=\dimen171
\TX@cols=\count285
\TX@ftn=\toks24
) (/usr/share/texlive/texmf-dist/tex/latex/graphics/color.sty
Package: color 2016/07/10 v1.1e Standard LaTeX Color (DPC)
 (/usr/share/texlive/texmf-dist/tex/latex/graphics-cfg/color.cfg
File: color.cfg 2016/01/02 v1.6 sample color configuration
)
Package color Info: Driver file: pdftex.def on input line 147.
) (/usr/share/texlive/texmf-dist/tex/latex/tools/dcolumn.sty
Package: dcolumn 2014/10/28 v1.06 decimal alignment package (DPC)
) (/usr/share/texlive/texmf-dist/tex/latex/tools/bm.sty
Package: bm 2017/01/16 v1.2c Bold Symbol Support (DPC/FMi)
\symboldoperators=\mathgroup6
\symboldletters=\mathgroup7
\symboldsymbols=\mathgroup8
LaTeX Font Info:    Redeclaring math alphabet \mathbf on input line 141.
LaTeX Info: Redefining \bm on input line 207.
) (/usr/share/texlive/texmf-dist/tex/latex/natbib/natbib.sty
Package: natbib 2010/09/13 8.31b (PWD, AO)
\bibhang=\skip75
\bibsep=\skip76
LaTeX Info: Redefining \cite on input line 694.
\c@NAT@ctr=\count286
) (/usr/share/texlive/texmf-dist/tex/latex/xcolor/xcolor.sty
Package: xcolor 2016/05/11 v2.12 LaTeX color extensions (UK)
 (/usr/share/texlive/texmf-dist/tex/latex/graphics-cfg/color.cfg
File: color.cfg 2016/01/02 v1.6 sample color configuration
)
Package xcolor Info: Driver file: pdftex.def on input line 225.
LaTeX Info: Redefining \color on input line 709.
Package xcolor Info: Model `cmy' substituted by `cmy0' on input line 1348.
Package xcolor Info: Model `hsb' substituted by `rgb' on input line 1352.
Package xcolor Info: Model `RGB' extended on input line 1364.
Package xcolor Info: Model `HTML' substituted by `rgb' on input line 1366.
Package xcolor Info: Model `Hsb' substituted by `hsb' on input line 1367.
Package xcolor Info: Model `tHsb' substituted by `hsb' on input line 1368.
Package xcolor Info: Model `HSB' substituted by `hsb' on input line 1369.
Package xcolor Info: Model `Gray' substituted by `gray' on input line 1370.
Package xcolor Info: Model `wave' substituted by `hsb' on input line 1371.
) (/usr/share/texlive/texmf-dist/tex/latex/listings/listings.sty
\lst@mode=\count287
\lst@gtempboxa=\box60
\lst@token=\toks25
\lst@length=\count288
\lst@currlwidth=\dimen172
\lst@column=\count289
\lst@pos=\count290
\lst@lostspace=\dimen173
\lst@width=\dimen174
\lst@newlines=\count291
\lst@lineno=\count292
\lst@maxwidth=\dimen175
 (/usr/share/texlive/texmf-dist/tex/latex/listings/lstmisc.sty
File: lstmisc.sty 2018/09/02 1.7 (Carsten Heinz)
\c@lstnumber=\count293
\lst@skipnumbers=\count294
\lst@framebox=\box61
) (/usr/share/texlive/texmf-dist/tex/latex/listings/listings.cfg
File: listings.cfg 2018/09/02 1.7 listings configuration
))
Package: listings 2018/09/02 1.7 (Carsten Heinz)
 (/usr/share/texlive/texmf-dist/tex/latex/listings/lstlang1.sty
File: lstlang1.sty 2018/09/02 1.7 listings language file
) (/usr/share/texlive/texmf-dist/tex/latex/listings/lstlang1.sty
File: lstlang1.sty 2018/09/02 1.7 listings language file
) (/usr/share/texlive/texmf-dist/tex/generic/dirtree/dirtree.sty
Package: dirtree 2012/12/11 v0.32 package wrapper for dirtree
 (/usr/share/texlive/texmf-dist/tex/generic/dirtree/dirtree.tex `dirtree' v0.32, 2012/12/11 (jcc)
\DT@offset=\dimen176
\DT@width=\dimen177
\DT@sep=\dimen178
\DT@all=\dimen179
\DT@rulewidth=\dimen180
\DT@dotwidth=\dimen181
\DTbaselineskip=\dimen182
\DT@counti=\count295
\DT@countii=\count296
\DT@countiii=\count297
\DT@countiv=\count298
\DT@indent=\dimen183
\DT@parskip=\dimen184
\DT@baselineskip=\dimen185
)
File: dirtree.tex 2012/12/11 v0.32 `dirtree' (jcc)
) (/usr/share/texlive/texmf-dist/tex/latex/tools/indentfirst.sty
Package: indentfirst 1995/11/23 v1.03 Indent first paragraph (DPC)
) (/home/kyam/Programs/pypolybuilder/userGuide/userGuider.aux)
\openout1 = `userGuider.aux'.

LaTeX Font Info:    Checking defaults for OML/cmm/m/it on input line 83.
LaTeX Font Info:    ... okay on input line 83.
LaTeX Font Info:    Checking defaults for T1/cmr/m/n on input line 83.
LaTeX Font Info:    ... okay on input line 83.
LaTeX Font Info:    Checking defaults for OT1/cmr/m/n on input line 83.
LaTeX Font Info:    ... okay on input line 83.
LaTeX Font Info:    Checking defaults for OMS/cmsy/m/n on input line 83.
LaTeX Font Info:    ... okay on input line 83.
LaTeX Font Info:    Checking defaults for OMX/cmex/m/n on input line 83.
LaTeX Font Info:    ... okay on input line 83.
LaTeX Font Info:    Checking defaults for U/cmr/m/n on input line 83.
LaTeX Font Info:    ... okay on input line 83.
 (/usr/share/texlive/texmf-dist/tex/context/base/mkii/supp-pdf.mkii
[Loading MPS to PDF converter (version 2006.09.02).]
\scratchcounter=\count299
\scratchdimen=\dimen186
\scratchbox=\box62
\nofMPsegments=\count300
\nofMParguments=\count301
\everyMPshowfont=\toks26
\MPscratchCnt=\count302
\MPscratchDim=\dimen187
\MPnumerator=\count303
\makeMPintoPDFobject=\count304
\everyMPtoPDFconversion=\toks27
) (/usr/share/texlive/texmf-dist/tex/latex/oberdiek/epstopdf-base.sty
Package: epstopdf-base 2016/05/15 v2.6 Base part for package epstopdf
 (/usr/share/texlive/texmf-dist/tex/generic/oberdiek/infwarerr.sty
Package: infwarerr 2016/05/16 v1.4 Providing info/warning/error messages (HO)
) (/usr/share/texlive/texmf-dist/tex/latex/oberdiek/grfext.sty
Package: grfext 2016/05/16 v1.2 Manage graphics extensions (HO)
 (/usr/share/texlive/texmf-dist/tex/generic/oberdiek/kvdefinekeys.sty
Package: kvdefinekeys 2016/05/16 v1.4 Define keys (HO)
 (/usr/share/texlive/texmf-dist/tex/generic/oberdiek/ltxcmds.sty
Package: ltxcmds 2016/05/16 v1.23 LaTeX kernel commands for general use (HO)
))) (/usr/share/texlive/texmf-dist/tex/latex/oberdiek/kvoptions.sty
Package: kvoptions 2016/05/16 v3.12 Key value format for package options (HO)
 (/usr/share/texlive/texmf-dist/tex/generic/oberdiek/kvsetkeys.sty
Package: kvsetkeys 2016/05/16 v1.17 Key value parser (HO)
 (/usr/share/texlive/texmf-dist/tex/generic/oberdiek/etexcmds.sty
Package: etexcmds 2016/05/16 v1.6 Avoid name clashes with e-TeX commands (HO)
 (/usr/share/texlive/texmf-dist/tex/generic/oberdiek/ifluatex.sty
Package: ifluatex 2016/05/16 v1.4 Provides the ifluatex switch (HO)
Package ifluatex Info: LuaTeX not detected.
)))) (/usr/share/texlive/texmf-dist/tex/generic/oberdiek/pdftexcmds.sty
Package: pdftexcmds 2018/09/10 v0.29 Utility functions of pdfTeX for LuaTeX (HO)
 (/usr/share/texlive/texmf-dist/tex/generic/oberdiek/ifpdf.sty
Package: ifpdf 2018/09/07 v3.3 Provides the ifpdf switch
)
Package pdftexcmds Info: LuaTeX not detected.
Package pdftexcmds Info: \pdf@primitive is available.
Package pdftexcmds Info: \pdf@ifprimitive is available.
Package pdftexcmds Info: \pdfdraftmode found.
)
Package epstopdf-base Info: Redefining graphics rule for `.eps' on input line 438.
Package grfext Info: Graphics extension search list:
(grfext)             [.pdf,.png,.jpg,.mps,.jpeg,.jbig2,.jb2,.PDF,.PNG,.JPG,.JPEG,.JBIG2,.JB2,.eps]
(grfext)             \AppendGraphicsExtensions on input line 456.
 (/usr/share/texlive/texmf-dist/tex/latex/latexconfig/epstopdf-sys.cfg
File: epstopdf-sys.cfg 2010/07/13 v1.3 Configuration of (r)epstopdf for TeX Live
))

Package chemgreek Info: Activating mapping `default' on line 83.

Now handling font encoding TS1 ...
... processing UTF-8 mapping file for font encoding TS1
 (/usr/share/texlive/texmf-dist/tex/latex/base/ts1enc.dfu
File: ts1enc.dfu 2018/10/05 v1.2f UTF-8 support for inputenc
   defining Unicode char U+00A2 (decimal 162)
   defining Unicode char U+00A3 (decimal 163)
   defining Unicode char U+00A4 (decimal 164)
   defining Unicode char U+00A5 (decimal 165)
   defining Unicode char U+00A6 (decimal 166)
   defining Unicode char U+00A7 (decimal 167)
   defining Unicode char U+00A8 (decimal 168)
   defining Unicode char U+00A9 (decimal 169)
   defining Unicode char U+00AA (decimal 170)
   defining Unicode char U+00AC (decimal 172)
   defining Unicode char U+00AE (decimal 174)
   defining Unicode char U+00AF (decimal 175)
   defining Unicode char U+00B0 (decimal 176)
   defining Unicode char U+00B1 (decimal 177)
   defining Unicode char U+00B2 (decimal 178)
   defining Unicode char U+00B3 (decimal 179)
   defining Unicode char U+00B4 (decimal 180)
   defining Unicode char U+00B5 (decimal 181)
   defining Unicode char U+00B6 (decimal 182)
   defining Unicode char U+00B7 (decimal 183)
   defining Unicode char U+00B9 (decimal 185)
   defining Unicode char U+00BA (decimal 186)
   defining Unicode char U+00BC (decimal 188)
   defining Unicode char U+00BD (decimal 189)
   defining Unicode char U+00BE (decimal 190)
   defining Unicode char U+00D7 (decimal 215)
   defining Unicode char U+00F7 (decimal 247)
   defining Unicode char U+0192 (decimal 402)
   defining Unicode char U+02C7 (decimal 711)
   defining Unicode char U+02D8 (decimal 728)
   defining Unicode char U+02DD (decimal 733)
   defining Unicode char U+0E3F (decimal 3647)
   defining Unicode char U+2016 (decimal 8214)
   defining Unicode char U+2020 (decimal 8224)
   defining Unicode char U+2021 (decimal 8225)
   defining Unicode char U+2022 (decimal 8226)
   defining Unicode char U+2030 (decimal 8240)
   defining Unicode char U+2031 (decimal 8241)
   defining Unicode char U+203B (decimal 8251)
   defining Unicode char U+203D (decimal 8253)
   defining Unicode char U+2044 (decimal 8260)
   defining Unicode char U+204E (decimal 8270)
   defining Unicode char U+2052 (decimal 8274)
   defining Unicode char U+20A1 (decimal 8353)
   defining Unicode char U+20A4 (decimal 8356)
   defining Unicode char U+20A6 (decimal 8358)
   defining Unicode char U+20A9 (decimal 8361)
   defining Unicode char U+20AB (decimal 8363)
   defining Unicode char U+20AC (decimal 8364)
   defining Unicode char U+20B1 (decimal 8369)
   defining Unicode char U+2103 (decimal 8451)
   defining Unicode char U+2116 (decimal 8470)
   defining Unicode char U+2117 (decimal 8471)
   defining Unicode char U+211E (decimal 8478)
   defining Unicode char U+2120 (decimal 8480)
   defining Unicode char U+2122 (decimal 8482)
   defining Unicode char U+2126 (decimal 8486)
   defining Unicode char U+2127 (decimal 8487)
   defining Unicode char U+212E (decimal 8494)
   defining Unicode char U+2190 (decimal 8592)
   defining Unicode char U+2191 (decimal 8593)
   defining Unicode char U+2192 (decimal 8594)
   defining Unicode char U+2193 (decimal 8595)
   defining Unicode char U+2329 (decimal 9001)
   defining Unicode char U+232A (decimal 9002)
   defining Unicode char U+2422 (decimal 9250)
   defining Unicode char U+25E6 (decimal 9702)
   defining Unicode char U+25EF (decimal 9711)
   defining Unicode char U+266A (decimal 9834)
   defining Unicode char U+FEFF (decimal 65279)
) (/usr/share/texlive/texmf-dist/tex/latex/translator/translator-basic-dictionary-English.dict
Dictionary: translator-basic-dictionary, Language: English 
) (/usr/share/texlive/texmf-dist/tex/latex/siunitx/siunitx-abbreviations.cfg
File: siunitx-abbreviations.cfg 2017/11/26 v2.7k siunitx: Abbreviated units
)
\c@lstlisting=\count305
LaTeX Font Info:    Try loading font information for U+msa on input line 83.
 (/usr/share/texlive/texmf-dist/tex/latex/amsfonts/umsa.fd
File: umsa.fd 2013/01/14 v3.01 AMS symbols A
)
LaTeX Font Info:    Try loading font information for U+msb on input line 83.
 (/usr/share/texlive/texmf-dist/tex/latex/amsfonts/umsb.fd
File: umsb.fd 2013/01/14 v3.01 AMS symbols B
)
LaTeX Font Info:    Try loading font information for OMS+cmr on input line 84.
 (/usr/share/texlive/texmf-dist/tex/latex/base/omscmr.fd
File: omscmr.fd 2014/09/29 v2.5h Standard LaTeX font definitions
)
LaTeX Font Info:    Font shape `OMS/cmr/m/n' in size <10> not available
(Font)              Font shape `OMS/cmsy/m/n' tried instead on input line 84.
LaTeX Font Info:    Font shape `OMS/cmr/m/n' in size <7> not available
(Font)              Font shape `OMS/cmsy/m/n' tried instead on input line 84.
 (/home/kyam/Programs/pypolybuilder/userGuide/userGuider.toc)
\tf@toc=\write3
\openout3 = `userGuider.toc'.

 [1

{/var/lib/texmf/fonts/map/pdftex/updmap/pdftex.map}] [2]
LaTeX Font Info:    Font shape `OT1/cmtt/bx/n' in size <10.95> not available
(Font)              Font shape `OT1/cmtt/m/n' tried instead on input line 129.
 [3] [4] [5]
LaTeX Font Info:    Font shape `OMS/cmr/m/n' in size <12> not available
(Font)              Font shape `OMS/cmsy/m/n' tried instead on input line 237.
LaTeX Font Info:    Font shape `OT1/cmtt/bx/n' in size <12> not available
(Font)              Font shape `OT1/cmtt/m/n' tried instead on input line 237.
 [6] [7] [8] [9] [10] [11] [12] [13] (/home/kyam/Programs/pypolybuilder/userGuide/PAMAM/PAMAM.tex
<PAMAM/PAMAMBBs.png, id=56, 515.92468pt x 101.36044pt>
File: PAMAM/PAMAMBBs.png Graphic file (type png)
<use PAMAM/PAMAMBBs.png>
Package pdftex.def Info: PAMAM/PAMAMBBs.png  used on input line 7.
(pdftex.def)             Requested size: 469.75499pt x 92.29227pt.
 [14] [15 </home/kyam/Programs/pypolybuilder/userGuide/PAMAM/PAMAMBBs.png>]
<PAMAM/PAMAMG2.png, id=65, 526.84402pt x 427.63313pt>
File: PAMAM/PAMAMG2.png Graphic file (type png)
<use PAMAM/PAMAMG2.png>
Package pdftex.def Info: PAMAM/PAMAMG2.png  used on input line 47.
(pdftex.def)             Requested size: 234.87749pt x 190.65176pt.
 [16 </home/kyam/Programs/pypolybuilder/userGuide/PAMAM/PAMAMG2.png>]
<PAMAM/PAMAM.pdf, id=70, 194.8881pt x 157.0668pt>
File: PAMAM/PAMAM.pdf Graphic file (type pdf)
<use PAMAM/PAMAM.pdf>
Package pdftex.def Info: PAMAM/PAMAM.pdf  used on input line 67.
(pdftex.def)             Requested size: 234.87749pt x 189.30605pt.
<PAMAM/PAMAMSOL.pdf, id=71, 159.4758pt x 157.78949pt>
File: PAMAM/PAMAMSOL.pdf Graphic file (type pdf)
<use PAMAM/PAMAMSOL.pdf>
Package pdftex.def Info: PAMAM/PAMAMSOL.pdf  used on input line 85.
(pdftex.def)             Requested size: 234.87749pt x 232.40279pt.
<PAMAM/PAMAMGs.pdf, id=72, 621.52202pt x 375.804pt>
File: PAMAM/PAMAMGs.pdf Graphic file (type pdf)
<use PAMAM/PAMAMGs.pdf>
Package pdftex.def Info: PAMAM/PAMAMGs.pdf  used on input line 95.
(pdftex.def)             Requested size: 469.75499pt x 284.04282pt.
) [17 </home/kyam/Programs/pypolybuilder/userGuide/PAMAM/PAMAM.pdf>] [18 </home/kyam/Programs/pypolybuilder/userGuide/PAMAM/PAMAMSOL.pdf>] [19 </home/kyam/Programs/pypolybuilder/userGuide/PAMAM/PAMAMGs.pdf>] (/home/kyam/Programs/pypolybuilder/userGuide/PPI/PPI.tex
<PPI/PPIBBs.png, id=153, 395.91733pt x 78.38394pt>
File: PPI/PPIBBs.png Graphic file (type png)
<use PPI/PPIBBs.png>
Package pdftex.def Info: PPI/PPIBBs.png  used on input line 9.
(pdftex.def)             Requested size: 469.75499pt x 93.00412pt.
 [20

 </home/kyam/Programs/pypolybuilder/userGuide/PPI/PPIBBs.png>]
<PPI/PPIG1.png, id=158, 366.52489pt x 178.44444pt>
File: PPI/PPIG1.png Graphic file (type png)
<use PPI/PPIG1.png>
Package pdftex.def Info: PPI/PPIG1.png  used on input line 52.
(pdftex.def)             Requested size: 234.87749pt x 114.3538pt.
 [21 </home/kyam/Programs/pypolybuilder/userGuide/PPI/PPIG1.png>]
<PPI/PPI.pdf, id=163, 240.17729pt x 147.1899pt>
File: PPI/PPI.pdf Graphic file (type pdf)
<use PPI/PPI.pdf>
Package pdftex.def Info: PPI/PPI.pdf  used on input line 70.
(pdftex.def)             Requested size: 234.87749pt x 143.94415pt.
<PPI/PPISOL.pdf, id=164, 159.4758pt x 150.3216pt>
File: PPI/PPISOL.pdf Graphic file (type pdf)
<use PPI/PPISOL.pdf>
Package pdftex.def Info: PPI/PPISOL.pdf  used on input line 86.
(pdftex.def)             Requested size: 234.87749pt x 221.40358pt.
) [22 </home/kyam/Programs/pypolybuilder/userGuide/PPI/PPI.pdf>] [23 </home/kyam/Programs/pypolybuilder/userGuide/PPI/PPISOL.pdf>] (/home/kyam/Programs/pypolybuilder/userGuide/SPL7013/SPL7013.tex
<SPL7013/SPL7013G1.png, id=186, 295.33038pt x 390.64865pt>
File: SPL7013/SPL7013G1.png Graphic file (type png)
<use SPL7013/SPL7013G1.png>
Package pdftex.def Info: SPL7013/SPL7013G1.png  used on input line 8.
(pdftex.def)             Requested size: 234.87749pt x 310.68341pt.
<SPL7013/SPL7013BBs.png, id=187, 431.42216pt x 129.28444pt>
File: SPL7013/SPL7013BBs.png Graphic file (type png)
<use SPL7013/SPL7013BBs.png>
Package pdftex.def Info: SPL7013/SPL7013BBs.png  used on input line 21.
(pdftex.def)             Requested size: 469.75499pt x 140.77519pt.
 [24

 </home/kyam/Programs/pypolybuilder/userGuide/SPL7013/SPL7013G1.png>] [25 </home/kyam/Programs/pypolybuilder/userGuide/SPL7013/SPL7013BBs.png>] [26]
<SPL7013/SPL1.pdf, id=200, 140.68561pt x 137.7948pt>
File: SPL7013/SPL1.pdf Graphic file (type pdf)
<use SPL7013/SPL1.pdf>
Package pdftex.def Info: SPL7013/SPL1.pdf  used on input line 100.
(pdftex.def)             Requested size: 234.87749pt x 230.07231pt.
 [27 </home/kyam/Programs/pypolybuilder/userGuide/SPL7013/SPL1.pdf>]
<SPL7013/SPLSOL.pdf, id=211, 213.91919pt x 162.8484pt>
File: SPL7013/SPLSOL.pdf Graphic file (type pdf)
<use SPL7013/SPLSOL.pdf>
Package pdftex.def Info: SPL7013/SPLSOL.pdf  used on input line 110.
(pdftex.def)             Requested size: 234.87749pt x 178.81325pt.
) [28 </home/kyam/Programs/pypolybuilder/userGuide/SPL7013/SPLSOL.pdf>] (/home/kyam/Programs/pypolybuilder/userGuide/PAMAM_PPI-Janus/PAMAM_PPI-Janus.tex
<PAMAM_PPI-Janus/JANUSG1.png, id=222, 278.38533pt x 324.08072pt>
File: PAMAM_PPI-Janus/JANUSG1.png Graphic file (type png)
<use PAMAM_PPI-Janus/JANUSG1.png>
Package pdftex.def Info: PAMAM_PPI-Janus/JANUSG1.png  used on input line 10.
(pdftex.def)             Requested size: 234.87749pt x 273.43748pt.

Overfull \hbox (2.0202pt too wide) in paragraph at lines 15--19
[]\OT1/cmr/m/n/12 The den-drimer mod-ule was de-signed for build-ing ho-mo-ge-neous per-fect den-drimers. Hence,
 []

[29

 </home/kyam/Programs/pypolybuilder/userGuide/PAMAM_PPI-Janus/JANUSG1.png>]
<PAMAM_PPI-Janus/JANUSBBs.png, id=227, 355.99667pt x 205.89743pt>
File: PAMAM_PPI-Janus/JANUSBBs.png Graphic file (type png)
<use PAMAM_PPI-Janus/JANUSBBs.png>
Package pdftex.def Info: PAMAM_PPI-Janus/JANUSBBs.png  used on input line 38.
(pdftex.def)             Requested size: 469.75499pt x 271.71004pt.
 [30 </home/kyam/Programs/pypolybuilder/userGuide/PAMAM_PPI-Janus/JANUSBBs.png>] [31]
<PAMAM_PPI-Janus/JANUSPAMAMhalf.png, id=236, 230.09038pt x 308.84616pt>
File: PAMAM_PPI-Janus/JANUSPAMAMhalf.png Graphic file (type png)
<use PAMAM_PPI-Janus/JANUSPAMAMhalf.png>
Package pdftex.def Info: PAMAM_PPI-Janus/JANUSPAMAMhalf.png  used on input line 89.
(pdftex.def)             Requested size: 187.89912pt x 252.22342pt.
 [32 </home/kyam/Programs/pypolybuilder/userGuide/PAMAM_PPI-Janus/JANUSPAMAMhalf.png>] [33]
<PAMAM_PPI-Janus/PAMAM_PPI.pdf, id=244, 269.80798pt x 173.20709pt>
File: PAMAM_PPI-Janus/PAMAM_PPI.pdf Graphic file (type pdf)
<use PAMAM_PPI-Janus/PAMAM_PPI.pdf>
Package pdftex.def Info: PAMAM_PPI-Janus/PAMAM_PPI.pdf  used on input line 135.
(pdftex.def)             Requested size: 234.87749pt x 150.78673pt.
<PAMAM_PPI-Janus/PAMAM_PPISOL.pdf, id=245, 167.9073pt x 155.38051pt>
File: PAMAM_PPI-Janus/PAMAM_PPISOL.pdf Graphic file (type pdf)
<use PAMAM_PPI-Janus/PAMAM_PPISOL.pdf>
Package pdftex.def Info: PAMAM_PPI-Janus/PAMAM_PPISOL.pdf  used on input line 145.
(pdftex.def)             Requested size: 234.87749pt x 217.35338pt.
) [34 </home/kyam/Programs/pypolybuilder/userGuide/PAMAM_PPI-Janus/PAMAM_PPI.pdf>] [35 </home/kyam/Programs/pypolybuilder/userGuide/PAMAM_PPI-Janus/PAMAM_PPISOL.pdf>] (/home/kyam/Programs/pypolybuilder/userGuide/PEG/PEG.tex
<PEG/PEGBBs.png, id=266, 240.71436pt x 42.83936pt>
File: PEG/PEGBBs.png Graphic file (type png)
<use PEG/PEGBBs.png>
Package pdftex.def Info: PEG/PEGBBs.png  used on input line 7.
(pdftex.def)             Requested size: 469.75499pt x 83.61023pt.
 [36

 </home/kyam/Programs/pypolybuilder/userGuide/PEG/PEGBBs.png>]
<PEG/PEGPPB.png, id=271, 328.1058pt x 175.6161pt>
File: PEG/PEGPPB.png Graphic file (type png)
<use PEG/PEGPPB.png>
Package pdftex.def Info: PEG/PEGPPB.png  used on input line 67.
(pdftex.def)             Requested size: 234.87749pt x 125.71999pt.
 [37]
<PEG/PEGSOL.png, id=276, 201.3924pt x 157.0668pt>
File: PEG/PEGSOL.png Graphic file (type png)
<use PEG/PEGSOL.png>
Package pdftex.def Info: PEG/PEGSOL.png  used on input line 78.
(pdftex.def)             Requested size: 234.87749pt x 183.18262pt.
) [38 </home/kyam/Programs/pypolybuilder/userGuide/PEG/PEGPPB.png (PNG copy)> </home/kyam/Programs/pypolybuilder/userGuide/PEG/PEGSOL.png (PNG copy)>] (/home/kyam/Programs/pypolybuilder/userGuide/PNIPAM/PNIPAM.tex
<PNIPAM/PNIPAMPOL.png, id=280, 44.81139pt x 66.48573pt>
File: PNIPAM/PNIPAMPOL.png Graphic file (type png)
<use PNIPAM/PNIPAMPOL.png>
Package pdftex.def Info: PNIPAM/PNIPAMPOL.png  used on input line 10.
(pdftex.def)             Requested size: 140.92792pt x 209.1582pt.
<PNIPAM/PNIPAMBBs.png, id=281, 198.78879pt x 61.71648pt>
File: PNIPAM/PNIPAMBBs.png Graphic file (type png)
<use PNIPAM/PNIPAMBBs.png>
Package pdftex.def Info: PNIPAM/PNIPAMBBs.png  used on input line 17.
(pdftex.def)             Requested size: 469.75499pt x 145.84639pt.
 [39

 </home/kyam/Programs/pypolybuilder/userGuide/PNIPAM/PNIPAMPOL.png> </home/kyam/Programs/pypolybuilder/userGuide/PNIPAM/PNIPAMBBs.png>] [40]
<PNIPAM/PNIPAMPPB.pdf, id=290, 155.8623pt x 163.812pt>
File: PNIPAM/PNIPAMPPB.pdf Graphic file (type pdf)
<use PNIPAM/PNIPAMPPB.pdf>
Package pdftex.def Info: PNIPAM/PNIPAMPPB.pdf  used on input line 74.
(pdftex.def)             Requested size: 234.87749pt x 246.85966pt.
<PNIPAM/PNIPAMSOL.pdf, id=291, 183.56581pt x 152.9715pt>
File: PNIPAM/PNIPAMSOL.pdf Graphic file (type pdf)
<use PNIPAM/PNIPAMSOL.pdf>
Package pdftex.def Info: PNIPAM/PNIPAMSOL.pdf  used on input line 87.
(pdftex.def)             Requested size: 234.87749pt x 195.73279pt.
 [41] [42 </home/kyam/Programs/pypolybuilder/userGuide/PNIPAM/PNIPAMPPB.pdf> </home/kyam/Programs/pypolybuilder/userGuide/PNIPAM/PNIPAMSOL.pdf

pdfTeX warning: pdflatex (file /home/kyam/Programs/pypolybuilder/userGuide/PNIPAM/PNIPAMSOL.pdf): PDF inclusion: multiple pdfs with page group included in a single page
>]
<PNIPAM/PNIPAMSIZE.pdf, id=311, 349.7868pt x 157.0668pt>
File: PNIPAM/PNIPAMSIZE.pdf Graphic file (type pdf)
<use PNIPAM/PNIPAMSIZE.pdf>
Package pdftex.def Info: PNIPAM/PNIPAMSIZE.pdf  used on input line 116.
(pdftex.def)             Requested size: 469.75499pt x 210.93814pt.
) [43] [44 </home/kyam/Programs/pypolybuilder/userGuide/PNIPAM/PNIPAMSIZE.pdf>] (/home/kyam/Programs/pypolybuilder/userGuide/PAMAM_PPI-half/PAMAM_PPI-half.tex
<PAMAM_PPI-half/PAMAMPPIPOL.png, id=347, 290.62424pt x 308.84616pt>
File: PAMAM_PPI-half/PAMAMPPIPOL.png Graphic file (type png)
<use PAMAM_PPI-half/PAMAMPPIPOL.png>
Package pdftex.def Info: PAMAM_PPI-half/PAMAMPPIPOL.png  used on input line 8.
(pdftex.def)             Requested size: 187.89912pt x 199.68729pt.
 [45

 </home/kyam/Programs/pypolybuilder/userGuide/PAMAM_PPI-half/PAMAMPPIPOL.png>]
<PAMAM_PPI-half/PAMAMPPIBBs.png, id=352, 400.95952pt x 173.72597pt>
File: PAMAM_PPI-half/PAMAMPPIBBs.png Graphic file (type png)
<use PAMAM_PPI-half/PAMAMPPIBBs.png>
Package pdftex.def Info: PAMAM_PPI-half/PAMAMPPIBBs.png  used on input line 41.
(pdftex.def)             Requested size: 469.75499pt x 203.54219pt.
 [46] [47 </home/kyam/Programs/pypolybuilder/userGuide/PAMAM_PPI-half/PAMAMPPIBBs.png>]
<PAMAM_PPI-half/PAMAMPPIHalfs.png, id=360, 359.18808pt x 308.84616pt>
File: PAMAM_PPI-half/PAMAMPPIHalfs.png Graphic file (type png)
<use PAMAM_PPI-half/PAMAMPPIHalfs.png>
Package pdftex.def Info: PAMAM_PPI-half/PAMAMPPIHalfs.png  used on input line 92.
(pdftex.def)             Requested size: 234.87749pt x 201.96347pt.
 [48] [49 </home/kyam/Programs/pypolybuilder/userGuide/PAMAM_PPI-half/PAMAMPPIHalfs.png>]
<PAMAM_PPI-half/PAMAMPPIPPB.pdf, id=369, 172.48439pt x 121.4136pt>
File: PAMAM_PPI-half/PAMAMPPIPPB.pdf Graphic file (type pdf)
<use PAMAM_PPI-half/PAMAMPPIPPB.pdf>
Package pdftex.def Info: PAMAM_PPI-half/PAMAMPPIPPB.pdf  used on input line 130.
(pdftex.def)             Requested size: 234.87749pt x 165.34631pt.
<PAMAM_PPI-half/PAMAMPPISOL.pdf, id=370, 177.3024pt x 151.52611pt>
File: PAMAM_PPI-half/PAMAMPPISOL.pdf Graphic file (type pdf)
<use PAMAM_PPI-half/PAMAMPPISOL.pdf>
Package pdftex.def Info: PAMAM_PPI-half/PAMAMPPISOL.pdf  used on input line 142.
(pdftex.def)             Requested size: 234.87749pt x 200.73643pt.
) [50 </home/kyam/Programs/pypolybuilder/userGuide/PAMAM_PPI-half/PAMAMPPIPPB.pdf>] [51 </home/kyam/Programs/pypolybuilder/userGuide/PAMAM_PPI-half/PAMAMPPISOL.pdf>] (/home/kyam/Programs/pypolybuilder/userGuide/PAMAM_PEG/PAMAM_PEG.tex
<PAMAM_PEG/PAMAMPEG.png, id=392, 443.76315pt x 316.97368pt>
File: PAMAM_PEG/PAMAMPEG.png Graphic file (type png)
<use PAMAM_PEG/PAMAMPEG.png>
Package pdftex.def Info: PAMAM_PEG/PAMAMPEG.png  used on input line 7.
(pdftex.def)             Requested size: 234.87749pt x 167.77275pt.
 [52

 </home/kyam/Programs/pypolybuilder/userGuide/PAMAM_PEG/PAMAMPEG.png>]
<PAMAM_PEG/PAMAMPEGBBs.png, id=397, 266.51468pt x 152.46835pt>
File: PAMAM_PEG/PAMAMPEGBBs.png Graphic file (type png)
<use PAMAM_PEG/PAMAMPEGBBs.png>
Package pdftex.def Info: PAMAM_PEG/PAMAMPEGBBs.png  used on input line 39.
(pdftex.def)             Requested size: 281.85585pt x 161.25275pt.
 [53 </home/kyam/Programs/pypolybuilder/userGuide/PAMAM_PEG/PAMAMPEGBBs.png>]
<PAMAM_PEG/PAMAMPEGHalf.png, id=402, 167.781pt x 318.37004pt>
File: PAMAM_PEG/PAMAMPEGHalf.png Graphic file (type png)
<use PAMAM_PEG/PAMAMPEGHalf.png>
Package pdftex.def Info: PAMAM_PEG/PAMAMPEGHalf.png  used on input line 74.
(pdftex.def)             Requested size: 140.92792pt x 267.43872pt.
 [54] [55 </home/kyam/Programs/pypolybuilder/userGuide/PAMAM_PEG/PAMAMPEGHalf.png>]
<PAMAM_PEG/PAMAM_PEG_PPB.pdf, id=411, 266.6763pt x 150.3216pt>
File: PAMAM_PEG/PAMAM_PEG_PPB.pdf Graphic file (type pdf)
<use PAMAM_PEG/PAMAM_PEG_PPB.pdf>
Package pdftex.def Info: PAMAM_PEG/PAMAM_PEG_PPB.pdf  used on input line 116.
(pdftex.def)             Requested size: 234.87749pt x 132.39809pt.
<PAMAM_PEG/PAMAM_PEG_SOL.pdf, id=412, 179.7114pt x 150.5625pt>
File: PAMAM_PEG/PAMAM_PEG_SOL.pdf Graphic file (type pdf)
<use PAMAM_PEG/PAMAM_PEG_SOL.pdf>
Package pdftex.def Info: PAMAM_PEG/PAMAM_PEG_SOL.pdf  used on input line 127.
(pdftex.def)             Requested size: 234.87749pt x 196.78801pt.
) [56 </home/kyam/Programs/pypolybuilder/userGuide/PAMAM_PEG/PAMAM_PEG_PPB.pdf>] [57 </home/kyam/Programs/pypolybuilder/userGuide/PAMAM_PEG/PAMAM_PEG_SOL.pdf>] (/home/kyam/Programs/pypolybuilder/userGuide/userGuider.aux) ) 
Here is how much of TeX's memory you used:
 18146 strings out of 492615
 347054 string characters out of 6131390
 610348 words of memory out of 5000000
 21819 multiletter control sequences out of 15000+600000
 551819 words of font info for 98 fonts, out of 8000000 for 9000
 1141 hyphenation exceptions out of 8191
 41i,11n,63p,566b,855s stack positions out of 5000i,500n,10000p,200000b,80000s
</usr/share/texlive/texmf-dist/fonts/type1/public/amsfonts/cm/cmbx10.pfb></usr/share/texlive/texmf-dist/fonts/type1/public/amsfonts/cm/cmbx12.pfb></usr/share/texlive/texmf-dist/fonts/type1/public/amsfonts/cm/cmitt10.pfb></usr/share/texlive/texmf-dist/fonts/type1/public/amsfonts/cm/cmmi12.pfb></usr/share/texlive/texmf-dist/fonts/type1/public/amsfonts/cm/cmmi8.pfb></usr/share/texlive/texmf-dist/fonts/type1/public/amsfonts/cm/cmr10.pfb></usr/share/texlive/texmf-dist/fonts/type1/public/amsfonts/cm/cmr12.pfb></usr/share/texlive/texmf-dist/fonts/type1/public/amsfonts/cm/cmr17.pfb></usr/share/texlive/texmf-dist/fonts/type1/public/amsfonts/cm/cmsy10.pfb></usr/share/texlive/texmf-dist/fonts/type1/public/amsfonts/cm/cmsy7.pfb></usr/share/texlive/texmf-dist/fonts/type1/public/amsfonts/cm/cmtt10.pfb></usr/share/texlive/texmf-dist/fonts/type1/public/amsfonts/cm/cmtt12.pfb></usr/share/texlive/texmf-dist/fonts/type1/urw/symbol/usyr.pfb>
Output written on /home/kyam/Programs/pypolybuilder/userGuide/userGuider.pdf (57 pages, 5378762 bytes).
PDF statistics:
 475 PDF objects out of 1000 (max. 8388607)
 287 compressed objects within 3 object streams
 0 named destinations out of 1000 (max. 500000)
 181 words of extra memory for PDF output out of 10000 (max. 10000000)

