This is pdfTeX, Version 3.14159265-2.6-1.40.21 (TeX Live 2020) (preloaded format=pdflatex 2020.12.7)  7 DEC 2020 11:52
entering extended mode
 restricted \write18 enabled.
 %&-line parsing enabled.
**userGuide.tex
(./userGuide.tex
LaTeX2e <2020-02-02> patch level 5
L3 programming layer <2020-03-06>
(/usr/local/texlive/2020/texmf-dist/tex/latex/base/article.cls
Document Class: article 2019/12/20 v1.4l Standard LaTeX document class
(/usr/local/texlive/2020/texmf-dist/tex/latex/base/size12.clo
File: size12.clo 2019/12/20 v1.4l Standard LaTeX file (size option)
)
\c@part=\count167
\c@section=\count168
\c@subsection=\count169
\c@subsubsection=\count170
\c@paragraph=\count171
\c@subparagraph=\count172
\c@figure=\count173
\c@table=\count174
\abovecaptionskip=\skip47
\belowcaptionskip=\skip48
\bibindent=\dimen134
)
(/usr/local/texlive/2020/texmf-dist/tex/latex/base/inputenc.sty
Package: inputenc 2018/08/11 v1.3c Input encoding file
\inpenc@prehook=\toks15
\inpenc@posthook=\toks16
)
(/usr/local/texlive/2020/texmf-dist/tex/latex/graphics/graphicx.sty
Package: graphicx 2019/11/30 v1.2a Enhanced LaTeX Graphics (DPC,SPQR)

(/usr/local/texlive/2020/texmf-dist/tex/latex/graphics/keyval.sty
Package: keyval 2014/10/28 v1.15 key=value parser (DPC)
\KV@toks@=\toks17
)
(/usr/local/texlive/2020/texmf-dist/tex/latex/graphics/graphics.sty
Package: graphics 2019/11/30 v1.4a Standard LaTeX Graphics (DPC,SPQR)

(/usr/local/texlive/2020/texmf-dist/tex/latex/graphics/trig.sty
Package: trig 2016/01/03 v1.10 sin cos tan (DPC)
)
(/usr/local/texlive/2020/texmf-dist/tex/latex/graphics-cfg/graphics.cfg
File: graphics.cfg 2016/06/04 v1.11 sample graphics configuration
)
Package graphics Info: Driver file: pdftex.def on input line 105.

(/usr/local/texlive/2020/texmf-dist/tex/latex/graphics-def/pdftex.def
File: pdftex.def 2018/01/08 v1.0l Graphics/color driver for pdftex
))
\Gin@req@height=\dimen135
\Gin@req@width=\dimen136
)
(/usr/local/texlive/2020/texmf-dist/tex/latex/amsmath/amsmath.sty
Package: amsmath 2020/01/20 v2.17e AMS math features
\@mathmargin=\skip49

For additional information on amsmath, use the `?' option.
(/usr/local/texlive/2020/texmf-dist/tex/latex/amsmath/amstext.sty
Package: amstext 2000/06/29 v2.01 AMS text

(/usr/local/texlive/2020/texmf-dist/tex/latex/amsmath/amsgen.sty
File: amsgen.sty 1999/11/30 v2.0 generic functions
\@emptytoks=\toks18
\ex@=\dimen137
))
(/usr/local/texlive/2020/texmf-dist/tex/latex/amsmath/amsbsy.sty
Package: amsbsy 1999/11/29 v1.2d Bold Symbols
\pmbraise@=\dimen138
)
(/usr/local/texlive/2020/texmf-dist/tex/latex/amsmath/amsopn.sty
Package: amsopn 2016/03/08 v2.02 operator names
)
\inf@bad=\count175
LaTeX Info: Redefining \frac on input line 227.
\uproot@=\count176
\leftroot@=\count177
LaTeX Info: Redefining \overline on input line 389.
\classnum@=\count178
\DOTSCASE@=\count179
LaTeX Info: Redefining \ldots on input line 486.
LaTeX Info: Redefining \dots on input line 489.
LaTeX Info: Redefining \cdots on input line 610.
\Mathstrutbox@=\box45
\strutbox@=\box46
\big@size=\dimen139
LaTeX Font Info:    Redeclaring font encoding OML on input line 733.
LaTeX Font Info:    Redeclaring font encoding OMS on input line 734.
\macc@depth=\count180
\c@MaxMatrixCols=\count181
\dotsspace@=\muskip16
\c@parentequation=\count182
\dspbrk@lvl=\count183
\tag@help=\toks19
\row@=\count184
\column@=\count185
\maxfields@=\count186
\andhelp@=\toks20
\eqnshift@=\dimen140
\alignsep@=\dimen141
\tagshift@=\dimen142
\tagwidth@=\dimen143
\totwidth@=\dimen144
\lineht@=\dimen145
\@envbody=\toks21
\multlinegap=\skip50
\multlinetaggap=\skip51
\mathdisplay@stack=\toks22
LaTeX Info: Redefining \[ on input line 2859.
LaTeX Info: Redefining \] on input line 2860.
)
(/usr/local/texlive/2020/texmf-dist/tex/latex/amsfonts/amssymb.sty
Package: amssymb 2013/01/14 v3.01 AMS font symbols

(/usr/local/texlive/2020/texmf-dist/tex/latex/amsfonts/amsfonts.sty
Package: amsfonts 2013/01/14 v3.01 Basic AMSFonts support
\symAMSa=\mathgroup4
\symAMSb=\mathgroup5
LaTeX Font Info:    Redeclaring math symbol \hbar on input line 98.
LaTeX Font Info:    Overwriting math alphabet `\mathfrak' in version `bold'
(Font)                  U/euf/m/n --> U/euf/b/n on input line 106.
))
(/usr/local/texlive/2020/texmf-dist/tex/latex/mhchem/mhchem.sty
Package: mhchem 2018/06/22 v4.08 for typesetting chemical formulae

(/usr/local/texlive/2020/texmf-dist/tex/latex/l3kernel/expl3.sty
Package: expl3 2020-03-06 L3 programming layer (loader) 

(/usr/local/texlive/2020/texmf-dist/tex/latex/l3backend/l3backend-pdfmode.def
File: l3backend-pdfmode.def 2020-03-12 L3 backend support: PDF mode
\l__kernel_color_stack_int=\count187
\l__pdf_internal_box=\box47
)) (/usr/local/texlive/2020/texmf-dist/tex/latex/l3packages/l3keys2e/l3keys2e.s
ty
Package: l3keys2e 2020-03-06 LaTeX2e option processing using LaTeX3 keys
) (/usr/local/texlive/2020/texmf-dist/tex/latex/tools/calc.sty
Package: calc 2017/05/25 v4.3 Infix arithmetic (KKT,FJ)
\calc@Acount=\count188
\calc@Bcount=\count189
\calc@Adimen=\dimen146
\calc@Bdimen=\dimen147
\calc@Askip=\skip52
\calc@Bskip=\skip53
LaTeX Info: Redefining \setlength on input line 80.
LaTeX Info: Redefining \addtolength on input line 81.
\calc@Ccount=\count190
\calc@Cskip=\skip54
)
(/usr/local/texlive/2020/texmf-dist/tex/latex/chemgreek/chemgreek.sty
(/usr/local/texlive/2020/texmf-dist/tex/latex/l3packages/xparse/xparse.sty
Package: xparse 2020-03-06 L3 Experimental document command parser
\l__xparse_current_arg_int=\count191
\g__xparse_grabber_int=\count192
\l__xparse_m_args_int=\count193
\l__xparse_v_nesting_int=\count194
)
Package: chemgreek 2020/01/16 v1.1a interface for upright Greek letters for use
 in chemistry (CN)
\l__chemgreek_tmpa_int=\count195
\g__chemgreek_tmpa_int=\count196
)
\l__mhchem_ce_distanceFromLastComma_int=\count197
\__mhchem_arrow_extPgfLength_skip=\skip55
\mhchem@minispace@tmp=\skip56
\mhchem@minibackspace@tmp=\skip57
\mhchem@bondwidth=\skip58
\mhchem@bondheight=\skip59
\mhchem@smallbondwidth@tmpA=\skip60
\mhchem@smallbondwidth@tmpB=\skip61
\mhchem@smallbondwidth=\skip62
\mhchem@bondtmp@minussidebearingleft=\skip63
\mhchem@bondtmp@minussidebearingright=\skip64
\l__mhchem_option_version_int=\count198
\mhchem@option@minusmathsidebearingleft=\dimen148
\mhchem@option@minusmathsidebearingright=\dimen149
\mhchem@option@minustextsidebearingleft=\dimen150
\mhchem@option@minustextsidebearingright=\dimen151
)
(/usr/local/texlive/2020/texmf-dist/tex/latex/siunitx/siunitx.sty
Package: siunitx 2020/02/25 v2.8b A comprehensive (SI) units package

(/usr/local/texlive/2020/texmf-dist/tex/latex/tools/array.sty
Package: array 2019/08/31 v2.4l Tabular extension package (FMi)
\col@sep=\dimen152
\ar@mcellbox=\box48
\extrarowheight=\dimen153
\NC@list=\toks23
\extratabsurround=\skip65
\backup@length=\skip66
\ar@cellbox=\box49
)
\l__siunitx_tmp_box=\box50
\l__siunitx_tmp_dim=\dimen154
\l__siunitx_tmp_int=\count199
\l__siunitx_number_mantissa_length_int=\count266
\l__siunitx_number_uncert_length_int=\count267
\l__siunitx_round_int=\count268
\l__siunitx_process_decimal_int=\count269
\l__siunitx_process_uncertainty_int=\count270
\l__siunitx_process_fixed_int=\count271
\l__siunitx_process_integer_min_int=\count272
\l__siunitx_process_precision_int=\count273
\l__siunitx_group_min_int=\count274
\l__siunitx_angle_marker_box=\box51
\l__siunitx_angle_unit_box=\box52
\l__siunitx_angle_marker_dim=\dimen155
\l__siunitx_angle_unit_dim=\dimen156
\l__siunitx_unit_int=\count275
\l__siunitx_unit_denominator_int=\count276
\l__siunitx_unit_numerator_int=\count277
\l__siunitx_unit_prefix_int=\count278
\l__siunitx_unit_prefix_base_int=\count279
\l__siunitx_unit_prefix_gram_int=\count280
\l__siunitx_number_product_int=\count281
\c__siunitx_one_fill_skip=\skip67
\l__siunitx_table_unit_align_skip=\skip68
\l__siunitx_table_exponent_dim=\dimen157
\l__siunitx_table_integer_dim=\dimen158
\l__siunitx_table_mantissa_dim=\dimen159
\l__siunitx_table_marker_dim=\dimen160
\l__siunitx_table_result_dim=\dimen161
\l__siunitx_table_uncert_dim=\dimen162
\l__siunitx_table_fill_pre_dim=\dimen163
\l__siunitx_table_fill_post_dim=\dimen164
\l__siunitx_table_fill_mid_dim=\dimen165
\l__siunitx_table_pre_box=\box53
\l__siunitx_table_post_box=\box54
\l__siunitx_table_mantissa_box=\box55
\l__siunitx_table_result_box=\box56
\l__siunitx_table_number_align_skip=\skip69
\l__siunitx_table_text_align_skip=\skip70

(/usr/local/texlive/2020/texmf-dist/tex/latex/translator/translator.sty
Package: translator 2019-05-31 v1.12a Easy translation of strings in LaTeX
))
(/usr/local/texlive/2020/texmf-dist/tex/latex/tools/longtable.sty
Package: longtable 2020/01/07 v4.13 Multi-page Table package (DPC)
\LTleft=\skip71
\LTright=\skip72
\LTpre=\skip73
\LTpost=\skip74
\LTchunksize=\count282
\LTcapwidth=\dimen166
\LT@head=\box57
\LT@firsthead=\box58
\LT@foot=\box59
\LT@lastfoot=\box60
\LT@cols=\count283
\LT@rows=\count284
\c@LT@tables=\count285
\c@LT@chunks=\count286
\LT@p@ftn=\toks24
)
(/usr/local/texlive/2020/texmf-dist/tex/latex/tools/tabularx.sty
Package: tabularx 2020/01/15 v2.11c `tabularx' package (DPC)
\TX@col@width=\dimen167
\TX@old@table=\dimen168
\TX@old@col=\dimen169
\TX@target=\dimen170
\TX@delta=\dimen171
\TX@cols=\count287
\TX@ftn=\toks25
)
(/usr/local/texlive/2020/texmf-dist/tex/latex/graphics/color.sty
Package: color 2019/11/23 v1.2a Standard LaTeX Color (DPC)

(/usr/local/texlive/2020/texmf-dist/tex/latex/graphics-cfg/color.cfg
File: color.cfg 2016/01/02 v1.6 sample color configuration
)
Package color Info: Driver file: pdftex.def on input line 147.
)
(/usr/local/texlive/2020/texmf-dist/tex/latex/tools/dcolumn.sty
Package: dcolumn 2014/10/28 v1.06 decimal alignment package (DPC)
)
(/usr/local/texlive/2020/texmf-dist/tex/latex/tools/bm.sty
Package: bm 2019/07/24 v1.2d Bold Symbol Support (DPC/FMi)
\symboldoperators=\mathgroup6
\symboldletters=\mathgroup7
\symboldsymbols=\mathgroup8
LaTeX Font Info:    Redeclaring math alphabet \mathbf on input line 141.
LaTeX Info: Redefining \bm on input line 209.
)
(/usr/local/texlive/2020/texmf-dist/tex/latex/natbib/natbib.sty
Package: natbib 2010/09/13 8.31b (PWD, AO)
\bibhang=\skip75
\bibsep=\skip76
LaTeX Info: Redefining \cite on input line 694.
\c@NAT@ctr=\count288
)
(/usr/local/texlive/2020/texmf-dist/tex/latex/xcolor/xcolor.sty
Package: xcolor 2016/05/11 v2.12 LaTeX color extensions (UK)

(/usr/local/texlive/2020/texmf-dist/tex/latex/graphics-cfg/color.cfg
File: color.cfg 2016/01/02 v1.6 sample color configuration
)
Package xcolor Info: Driver file: pdftex.def on input line 225.
LaTeX Info: Redefining \color on input line 709.
Package xcolor Info: Model `cmy' substituted by `cmy0' on input line 1348.
Package xcolor Info: Model `hsb' substituted by `rgb' on input line 1352.
Package xcolor Info: Model `RGB' extended on input line 1364.
Package xcolor Info: Model `HTML' substituted by `rgb' on input line 1366.
Package xcolor Info: Model `Hsb' substituted by `hsb' on input line 1367.
Package xcolor Info: Model `tHsb' substituted by `hsb' on input line 1368.
Package xcolor Info: Model `HSB' substituted by `hsb' on input line 1369.
Package xcolor Info: Model `Gray' substituted by `gray' on input line 1370.
Package xcolor Info: Model `wave' substituted by `hsb' on input line 1371.
)
(/usr/local/texlive/2020/texmf-dist/tex/latex/listings/listings.sty
\lst@mode=\count289
\lst@gtempboxa=\box61
\lst@token=\toks26
\lst@length=\count290
\lst@currlwidth=\dimen172
\lst@column=\count291
\lst@pos=\count292
\lst@lostspace=\dimen173
\lst@width=\dimen174
\lst@newlines=\count293
\lst@lineno=\count294
\lst@maxwidth=\dimen175

(/usr/local/texlive/2020/texmf-dist/tex/latex/listings/lstmisc.sty
File: lstmisc.sty 2020/03/24 1.8d (Carsten Heinz)
\c@lstnumber=\count295
\lst@skipnumbers=\count296
\lst@framebox=\box62
)
(/usr/local/texlive/2020/texmf-dist/tex/latex/listings/listings.cfg
File: listings.cfg 2020/03/24 1.8d listings configuration
))
Package: listings 2020/03/24 1.8d (Carsten Heinz)

(/usr/local/texlive/2020/texmf-dist/tex/latex/listings/lstlang1.sty
File: lstlang1.sty 2020/03/24 1.8d listings language file
)
(/usr/local/texlive/2020/texmf-dist/tex/latex/listings/lstlang1.sty
File: lstlang1.sty 2020/03/24 1.8d listings language file
)
(/usr/local/texlive/2020/texmf-dist/tex/generic/dirtree/dirtree.sty
Package: dirtree 2012/12/11 v0.32 package wrapper for dirtree

(/usr/local/texlive/2020/texmf-dist/tex/generic/dirtree/dirtree.tex
`dirtree' v0.32, 2012/12/11 (jcc)
\DT@offset=\dimen176
\DT@width=\dimen177
\DT@sep=\dimen178
\DT@all=\dimen179
\DT@rulewidth=\dimen180
\DT@dotwidth=\dimen181
\DTbaselineskip=\dimen182
\DT@counti=\count297
\DT@countii=\count298
\DT@countiii=\count299
\DT@countiv=\count300
\DT@indent=\dimen183
\DT@parskip=\dimen184
\DT@baselineskip=\dimen185
)
File: dirtree.tex 2012/12/11 v0.32 `dirtree' (jcc)
)
(/usr/local/texlive/2020/texmf-dist/tex/latex/tools/indentfirst.sty
Package: indentfirst 1995/11/23 v1.03 Indent first paragraph (DPC)
)
(./userGuide.aux)
\openout1 = `userGuide.aux'.

LaTeX Font Info:    Checking defaults for OML/cmm/m/it on input line 83.
LaTeX Font Info:    ... okay on input line 83.
LaTeX Font Info:    Checking defaults for OMS/cmsy/m/n on input line 83.
LaTeX Font Info:    ... okay on input line 83.
LaTeX Font Info:    Checking defaults for OT1/cmr/m/n on input line 83.
LaTeX Font Info:    ... okay on input line 83.
LaTeX Font Info:    Checking defaults for T1/cmr/m/n on input line 83.
LaTeX Font Info:    ... okay on input line 83.
LaTeX Font Info:    Checking defaults for TS1/cmr/m/n on input line 83.
LaTeX Font Info:    ... okay on input line 83.
LaTeX Font Info:    Checking defaults for OMX/cmex/m/n on input line 83.
LaTeX Font Info:    ... okay on input line 83.
LaTeX Font Info:    Checking defaults for U/cmr/m/n on input line 83.
LaTeX Font Info:    ... okay on input line 83.

(/usr/local/texlive/2020/texmf-dist/tex/context/base/mkii/supp-pdf.mkii
[Loading MPS to PDF converter (version 2006.09.02).]
\scratchcounter=\count301
\scratchdimen=\dimen186
\scratchbox=\box63
\nofMPsegments=\count302
\nofMParguments=\count303
\everyMPshowfont=\toks27
\MPscratchCnt=\count304
\MPscratchDim=\dimen187
\MPnumerator=\count305
\makeMPintoPDFobject=\count306
\everyMPtoPDFconversion=\toks28
) (/usr/local/texlive/2020/texmf-dist/tex/latex/epstopdf-pkg/epstopdf-base.sty
Package: epstopdf-base 2020-01-24 v2.11 Base part for package epstopdf
Package epstopdf-base Info: Redefining graphics rule for `.eps' on input line 4
85.

(/usr/local/texlive/2020/texmf-dist/tex/latex/latexconfig/epstopdf-sys.cfg
File: epstopdf-sys.cfg 2010/07/13 v1.3 Configuration of (r)epstopdf for TeX Liv
e
))

Package chemgreek Info: Activating mapping `default' on line 83.


(/usr/local/texlive/2020/texmf-dist/tex/latex/translator/translator-basic-dicti
onary-English.dict
Dictionary: translator-basic-dictionary, Language: English 
)
(/usr/local/texlive/2020/texmf-dist/tex/latex/siunitx/siunitx-abbreviations.cfg
File: siunitx-abbreviations.cfg 2017/11/26 v2.7k siunitx: Abbreviated units
)
\c@lstlisting=\count307
LaTeX Font Info:    Trying to load font information for U+msa on input line 83.

 (/usr/local/texlive/2020/texmf-dist/tex/latex/amsfonts/umsa.fd
File: umsa.fd 2013/01/14 v3.01 AMS symbols A
)
LaTeX Font Info:    Trying to load font information for U+msb on input line 83.


(/usr/local/texlive/2020/texmf-dist/tex/latex/amsfonts/umsb.fd
File: umsb.fd 2013/01/14 v3.01 AMS symbols B
)
(./userGuide.toc)
\tf@toc=\write3
\openout3 = `userGuide.toc'.

 [1

{/usr/local/texlive/2020/texmf-var/fonts/map/pdftex/updmap/pdftex.map}] [2]
LaTeX Font Info:    Font shape `OT1/cmtt/bx/n' in size <10.95> not available
(Font)              Font shape `OT1/cmtt/m/n' tried instead on input line 129.
 [3] [4] [5]
LaTeX Font Info:    Font shape `OT1/cmtt/bx/n' in size <12> not available
(Font)              Font shape `OT1/cmtt/m/n' tried instead on input line 238.
 [6] [7] [8] [9] [10] [11] [12] [13]
(./PAMAM/PAMAM.tex
<PAMAM/PAMAMBBs.png, id=58, 515.92468pt x 101.36044pt>
File: PAMAM/PAMAMBBs.png Graphic file (type png)
<use PAMAM/PAMAMBBs.png>
Package pdftex.def Info: PAMAM/PAMAMBBs.png  used on input line 7.
(pdftex.def)             Requested size: 469.75499pt x 92.29227pt.
 [14] [15 <./PAMAM/PAMAMBBs.png>]
<PAMAM/PAMAMG2.png, id=67, 526.84402pt x 427.63313pt>
File: PAMAM/PAMAMG2.png Graphic file (type png)
<use PAMAM/PAMAMG2.png>
Package pdftex.def Info: PAMAM/PAMAMG2.png  used on input line 47.
(pdftex.def)             Requested size: 234.87749pt x 190.65176pt.
<PAMAM/PAMAM.pdf, id=68, 194.8881pt x 157.0668pt>
File: PAMAM/PAMAM.pdf Graphic file (type pdf)
<use PAMAM/PAMAM.pdf>
Package pdftex.def Info: PAMAM/PAMAM.pdf  used on input line 67.
(pdftex.def)             Requested size: 234.87749pt x 189.30605pt.
 [16 <./PAMAM/PAMAMG2.png>]
<PAMAM/PAMAMSOL.pdf, id=73, 159.4758pt x 157.78949pt>
File: PAMAM/PAMAMSOL.pdf Graphic file (type pdf)
<use PAMAM/PAMAMSOL.pdf>
Package pdftex.def Info: PAMAM/PAMAMSOL.pdf  used on input line 85.
(pdftex.def)             Requested size: 234.87749pt x 232.40279pt.
<PAMAM/PAMAMGs.pdf, id=74, 621.52202pt x 375.804pt>
File: PAMAM/PAMAMGs.pdf Graphic file (type pdf)
<use PAMAM/PAMAMGs.pdf>
Package pdftex.def Info: PAMAM/PAMAMGs.pdf  used on input line 95.
(pdftex.def)             Requested size: 469.75499pt x 284.04282pt.
) [17 <./PAMAM/PAMAM.pdf>] [18 <./PAMAM/PAMAMSOL.pdf>] [19 <./PAMAM/PAMAMGs.pdf
>] (./PPI/PPI.tex
<PPI/PPIBBs.png, id=155, 395.91733pt x 78.38394pt>
File: PPI/PPIBBs.png Graphic file (type png)
<use PPI/PPIBBs.png>
Package pdftex.def Info: PPI/PPIBBs.png  used on input line 9.
(pdftex.def)             Requested size: 469.75499pt x 93.00412pt.
 [20

 <./PPI/PPIBBs.png>]
<PPI/PPIG1.png, id=160, 366.52489pt x 178.44444pt>
File: PPI/PPIG1.png Graphic file (type png)
<use PPI/PPIG1.png>
Package pdftex.def Info: PPI/PPIG1.png  used on input line 52.
(pdftex.def)             Requested size: 234.87749pt x 114.3538pt.
 [21 <./PPI/PPIG1.png>]
<PPI/PPI.pdf, id=165, 240.17729pt x 147.1899pt>
File: PPI/PPI.pdf Graphic file (type pdf)
<use PPI/PPI.pdf>
Package pdftex.def Info: PPI/PPI.pdf  used on input line 70.
(pdftex.def)             Requested size: 234.87749pt x 143.94415pt.
<PPI/PPISOL.pdf, id=166, 159.4758pt x 150.3216pt>
File: PPI/PPISOL.pdf Graphic file (type pdf)
<use PPI/PPISOL.pdf>
Package pdftex.def Info: PPI/PPISOL.pdf  used on input line 86.
(pdftex.def)             Requested size: 234.87749pt x 221.40358pt.
) [22 <./PPI/PPI.pdf>] [23 <./PPI/PPISOL.pdf>] (./SPL7013/SPL7013.tex
<SPL7013/SPL7013G1.png, id=188, 295.33038pt x 390.64865pt>
File: SPL7013/SPL7013G1.png Graphic file (type png)
<use SPL7013/SPL7013G1.png>
Package pdftex.def Info: SPL7013/SPL7013G1.png  used on input line 8.
(pdftex.def)             Requested size: 234.87749pt x 310.68341pt.
<SPL7013/SPL7013BBs.png, id=189, 431.42216pt x 129.28444pt>
File: SPL7013/SPL7013BBs.png Graphic file (type png)
<use SPL7013/SPL7013BBs.png>
Package pdftex.def Info: SPL7013/SPL7013BBs.png  used on input line 21.
(pdftex.def)             Requested size: 469.75499pt x 140.77519pt.
 [24

 <./SPL7013/SPL7013G1.png>] [25 <./SPL7013/SPL7013BBs.png>] [26]
<SPL7013/SPL1.pdf, id=202, 140.68561pt x 137.7948pt>
File: SPL7013/SPL1.pdf Graphic file (type pdf)
<use SPL7013/SPL1.pdf>
Package pdftex.def Info: SPL7013/SPL1.pdf  used on input line 100.
(pdftex.def)             Requested size: 234.87749pt x 230.07231pt.
 [27 <./SPL7013/SPL1.pdf>]
<SPL7013/SPLSOL.pdf, id=213, 213.91919pt x 162.8484pt>
File: SPL7013/SPLSOL.pdf Graphic file (type pdf)
<use SPL7013/SPLSOL.pdf>
Package pdftex.def Info: SPL7013/SPLSOL.pdf  used on input line 110.
(pdftex.def)             Requested size: 234.87749pt x 178.81325pt.
) [28 <./SPL7013/SPLSOL.pdf>] (./PAMAM_PPI-Janus/PAMAM_PPI-Janus.tex
<PAMAM_PPI-Janus/JANUSG1.png, id=224, 278.38533pt x 324.08072pt>
File: PAMAM_PPI-Janus/JANUSG1.png Graphic file (type png)
<use PAMAM_PPI-Janus/JANUSG1.png>
Package pdftex.def Info: PAMAM_PPI-Janus/JANUSG1.png  used on input line 10.
(pdftex.def)             Requested size: 234.87749pt x 273.43748pt.

Overfull \hbox (2.0202pt too wide) in paragraph at lines 15--19
[]\OT1/cmr/m/n/12 The den-drimer mod-ule was de-signed for build-ing ho-mo-ge-n
eous per-fect den-drimers. Hence,
 []

[29

 <./PAMAM_PPI-Janus/JANUSG1.png>]
<PAMAM_PPI-Janus/JANUSBBs.png, id=229, 355.99667pt x 205.89743pt>
File: PAMAM_PPI-Janus/JANUSBBs.png Graphic file (type png)
<use PAMAM_PPI-Janus/JANUSBBs.png>
Package pdftex.def Info: PAMAM_PPI-Janus/JANUSBBs.png  used on input line 38.
(pdftex.def)             Requested size: 469.75499pt x 271.71004pt.
 [30 <./PAMAM_PPI-Janus/JANUSBBs.png>]
[31]
<PAMAM_PPI-Janus/JANUSPAMAMhalf.png, id=238, 230.09038pt x 308.84616pt>
File: PAMAM_PPI-Janus/JANUSPAMAMhalf.png Graphic file (type png)
<use PAMAM_PPI-Janus/JANUSPAMAMhalf.png>
Package pdftex.def Info: PAMAM_PPI-Janus/JANUSPAMAMhalf.png  used on input line
 89.
(pdftex.def)             Requested size: 187.89912pt x 252.22342pt.
 [32 <./PAMAM_PPI-Janus/JANUSPAMAMhalf.png>]
<PAMAM_PPI-Janus/PAMAM_PPI.pdf, id=243, 269.80798pt x 173.20709pt>
File: PAMAM_PPI-Janus/PAMAM_PPI.pdf Graphic file (type pdf)
<use PAMAM_PPI-Janus/PAMAM_PPI.pdf>
Package pdftex.def Info: PAMAM_PPI-Janus/PAMAM_PPI.pdf  used on input line 135.

(pdftex.def)             Requested size: 234.87749pt x 150.78673pt.
<PAMAM_PPI-Janus/PAMAM_PPISOL.pdf, id=244, 167.9073pt x 155.38051pt>
File: PAMAM_PPI-Janus/PAMAM_PPISOL.pdf Graphic file (type pdf)
<use PAMAM_PPI-Janus/PAMAM_PPISOL.pdf>
Package pdftex.def Info: PAMAM_PPI-Janus/PAMAM_PPISOL.pdf  used on input line 1
45.
(pdftex.def)             Requested size: 234.87749pt x 217.35338pt.
 [33]) [34 <./PAMAM_PPI-Janus/PAMAM_PPI.pdf>] [35 <./PAMAM_PPI-Janus/PAMAM_PPIS
OL.pdf>] (./PEG/PEG.tex
<PEG/PEGBBs.png, id=268, 240.71436pt x 42.83936pt>
File: PEG/PEGBBs.png Graphic file (type png)
<use PEG/PEGBBs.png>
Package pdftex.def Info: PEG/PEGBBs.png  used on input line 7.
(pdftex.def)             Requested size: 469.75499pt x 83.61023pt.

[36

 <./PEG/PEGBBs.png>]
<PEG/PEGPPB.png, id=273, 328.1058pt x 175.6161pt>
File: PEG/PEGPPB.png Graphic file (type png)
<use PEG/PEGPPB.png>
Package pdftex.def Info: PEG/PEGPPB.png  used on input line 67.
(pdftex.def)             Requested size: 234.87749pt x 125.71999pt.
 [37]
<PEG/PEGSOL.png, id=278, 201.3924pt x 157.0668pt>
File: PEG/PEGSOL.png Graphic file (type png)
<use PEG/PEGSOL.png>
Package pdftex.def Info: PEG/PEGSOL.png  used on input line 78.
(pdftex.def)             Requested size: 234.87749pt x 183.18262pt.
) [38 <./PEG/PEGPPB.png (PNG copy)> <./PEG/PEGSOL.png (PNG copy)>] (./PNIPAM/PN
IPAM.tex
<PNIPAM/PNIPAMPOL.png, id=282, 44.81139pt x 66.48573pt>
File: PNIPAM/PNIPAMPOL.png Graphic file (type png)
<use PNIPAM/PNIPAMPOL.png>
Package pdftex.def Info: PNIPAM/PNIPAMPOL.png  used on input line 10.
(pdftex.def)             Requested size: 140.92792pt x 209.1582pt.
<PNIPAM/PNIPAMBBs.png, id=283, 198.78879pt x 61.71648pt>
File: PNIPAM/PNIPAMBBs.png Graphic file (type png)
<use PNIPAM/PNIPAMBBs.png>
Package pdftex.def Info: PNIPAM/PNIPAMBBs.png  used on input line 17.
(pdftex.def)             Requested size: 469.75499pt x 145.84639pt.
 [39

 <./PNIPAM/PNIPAMPOL.png> <./PNIPAM/PNIPAMBBs.png>] [40]
<PNIPAM/PNIPAMPPB.pdf, id=292, 155.8623pt x 163.812pt>
File: PNIPAM/PNIPAMPPB.pdf Graphic file (type pdf)
<use PNIPAM/PNIPAMPPB.pdf>
Package pdftex.def Info: PNIPAM/PNIPAMPPB.pdf  used on input line 74.
(pdftex.def)             Requested size: 234.87749pt x 246.85966pt.
<PNIPAM/PNIPAMSOL.pdf, id=293, 183.56581pt x 152.9715pt>
File: PNIPAM/PNIPAMSOL.pdf Graphic file (type pdf)
<use PNIPAM/PNIPAMSOL.pdf>
Package pdftex.def Info: PNIPAM/PNIPAMSOL.pdf  used on input line 87.
(pdftex.def)             Requested size: 234.87749pt x 195.73279pt.
 [41] [42 <./PNIPAM/PNIPAMPPB.pdf> <./PNIPAM/PNIPAMSOL.pdf

pdfTeX warning: /Library/TeX/texbin/pdflatex (file ./PNIPAM/PNIPAMSOL.pdf): PDF
 inclusion: multiple pdfs with page group included in a single page
>]
<PNIPAM/PNIPAMSIZE.pdf, id=313, 349.7868pt x 157.0668pt>
File: PNIPAM/PNIPAMSIZE.pdf Graphic file (type pdf)
<use PNIPAM/PNIPAMSIZE.pdf>
Package pdftex.def Info: PNIPAM/PNIPAMSIZE.pdf  used on input line 116.
(pdftex.def)             Requested size: 469.75499pt x 210.93814pt.
) [43 <./PNIPAM/PNIPAMSIZE.pdf>] (./PAMAM_PPI-half/PAMAM_PPI-half.tex
<PAMAM_PPI-half/PAMAMPPIPOL.png, id=346, 290.62424pt x 308.84616pt>
File: PAMAM_PPI-half/PAMAMPPIPOL.png Graphic file (type png)
<use PAMAM_PPI-half/PAMAMPPIPOL.png>
Package pdftex.def Info: PAMAM_PPI-half/PAMAMPPIPOL.png  used on input line 8.
(pdftex.def)             Requested size: 187.89912pt x 199.68729pt.

[44

 <./PAMAM_PPI-half/PAMAMPPIPOL.png>]
<PAMAM_PPI-half/PAMAMPPIBBs.png, id=351, 400.95952pt x 173.72597pt>
File: PAMAM_PPI-half/PAMAMPPIBBs.png Graphic file (type png)
<use PAMAM_PPI-half/PAMAMPPIBBs.png>
Package pdftex.def Info: PAMAM_PPI-half/PAMAMPPIBBs.png  used on input line 41.

(pdftex.def)             Requested size: 469.75499pt x 203.54219pt.
 [45] [46 <./PAMAM_PPI-half/PAMAMPPIBBs.png>]
<PAMAM_PPI-half/PAMAMPPIHalfs.png, id=359, 359.18808pt x 308.84616pt>
File: PAMAM_PPI-half/PAMAMPPIHalfs.png Graphic file (type png)
<use PAMAM_PPI-half/PAMAMPPIHalfs.png>
Package pdftex.def Info: PAMAM_PPI-half/PAMAMPPIHalfs.png  used on input line 9
2.
(pdftex.def)             Requested size: 234.87749pt x 201.96347pt.
 [47 <./PAMAM_PPI-half/PAMAMPPIHalfs.png>]
<PAMAM_PPI-half/PAMAMPPIPPB.pdf, id=364, 172.48439pt x 121.4136pt>
File: PAMAM_PPI-half/PAMAMPPIPPB.pdf Graphic file (type pdf)
<use PAMAM_PPI-half/PAMAMPPIPPB.pdf>
Package pdftex.def Info: PAMAM_PPI-half/PAMAMPPIPPB.pdf  used on input line 130
.
(pdftex.def)             Requested size: 234.87749pt x 165.34631pt.
 [48]
<PAMAM_PPI-half/PAMAMPPISOL.pdf, id=368, 177.3024pt x 151.52611pt>
File: PAMAM_PPI-half/PAMAMPPISOL.pdf Graphic file (type pdf)
<use PAMAM_PPI-half/PAMAMPPISOL.pdf>
Package pdftex.def Info: PAMAM_PPI-half/PAMAMPPISOL.pdf  used on input line 142
.
(pdftex.def)             Requested size: 234.87749pt x 200.73643pt.
) [49 <./PAMAM_PPI-half/PAMAMPPIPPB.pdf>] [50 <./PAMAM_PPI-half/PAMAMPPISOL.pdf
>]
(./PAMAM_PEG/PAMAM_PEG.tex
<PAMAM_PEG/PAMAMPEG.png, id=391, 443.76315pt x 316.97368pt>
File: PAMAM_PEG/PAMAMPEG.png Graphic file (type png)
<use PAMAM_PEG/PAMAMPEG.png>
Package pdftex.def Info: PAMAM_PEG/PAMAMPEG.png  used on input line 7.
(pdftex.def)             Requested size: 234.87749pt x 167.77275pt.
 [51

 <./PAMAM_PEG/PAMAMPEG.png>]
<PAMAM_PEG/PAMAMPEGBBs.png, id=396, 266.51468pt x 152.46835pt>
File: PAMAM_PEG/PAMAMPEGBBs.png Graphic file (type png)
<use PAMAM_PEG/PAMAMPEGBBs.png>
Package pdftex.def Info: PAMAM_PEG/PAMAMPEGBBs.png  used on input line 39.
(pdftex.def)             Requested size: 281.85585pt x 161.25275pt.
 [52 <./PAMAM_PEG/PAMAMPEGBBs.png>]
<PAMAM_PEG/PAMAMPEGHalf.png, id=401, 167.781pt x 318.37004pt>
File: PAMAM_PEG/PAMAMPEGHalf.png Graphic file (type png)
<use PAMAM_PEG/PAMAMPEGHalf.png>
Package pdftex.def Info: PAMAM_PEG/PAMAMPEGHalf.png  used on input line 74.
(pdftex.def)             Requested size: 140.92792pt x 267.43872pt.
 [53] [54 <./PAMAM_PEG/PAMAMPEGHalf.png>]
<PAMAM_PEG/PAMAM_PEG_PPB.pdf, id=409, 266.6763pt x 150.3216pt>
File: PAMAM_PEG/PAMAM_PEG_PPB.pdf Graphic file (type pdf)
<use PAMAM_PEG/PAMAM_PEG_PPB.pdf>
Package pdftex.def Info: PAMAM_PEG/PAMAM_PEG_PPB.pdf  used on input line 116.
(pdftex.def)             Requested size: 234.87749pt x 132.39809pt.
<PAMAM_PEG/PAMAM_PEG_SOL.pdf, id=410, 179.7114pt x 150.5625pt>
File: PAMAM_PEG/PAMAM_PEG_SOL.pdf Graphic file (type pdf)
<use PAMAM_PEG/PAMAM_PEG_SOL.pdf>
Package pdftex.def Info: PAMAM_PEG/PAMAM_PEG_SOL.pdf  used on input line 127.
(pdftex.def)             Requested size: 234.87749pt x 196.78801pt.
) [55 <./PAMAM_PEG/PAMAM_PEG_PPB.pdf>] [56 <./PAMAM_PEG/PAMAM_PEG_SOL.pdf>] (./
userGuide.aux)

LaTeX Warning: Label(s) may have changed. Rerun to get cross-references right.

 ) 
Here is how much of TeX's memory you used:
 9077 strings out of 480608
 172980 string characters out of 5903630
 651578 words of memory out of 5000000
 24780 multiletter control sequences out of 15000+600000
 553177 words of font info for 102 fonts, out of 8000000 for 9000
 1141 hyphenation exceptions out of 8191
 39i,11n,49p,703b,867s stack positions out of 5000i,500n,10000p,200000b,80000s
{/usr/local/texlive/2020/texmf-dist/fonts/enc/dvips/cm-super/cm-super-ts1.enc
}</usr/local/texlive/2020/texmf-dist/fonts/type1/public/amsfonts/cm/cmbx10.pfb>
</usr/local/texlive/2020/texmf-dist/fonts/type1/public/amsfonts/cm/cmbx12.pfb><
/usr/local/texlive/2020/texmf-dist/fonts/type1/public/amsfonts/cm/cmitt10.pfb><
/usr/local/texlive/2020/texmf-dist/fonts/type1/public/amsfonts/cm/cmmi12.pfb></
usr/local/texlive/2020/texmf-dist/fonts/type1/public/amsfonts/cm/cmmi8.pfb></us
r/local/texlive/2020/texmf-dist/fonts/type1/public/amsfonts/cm/cmr10.pfb></usr/
local/texlive/2020/texmf-dist/fonts/type1/public/amsfonts/cm/cmr12.pfb></usr/lo
cal/texlive/2020/texmf-dist/fonts/type1/public/amsfonts/cm/cmr17.pfb></usr/loca
l/texlive/2020/texmf-dist/fonts/type1/public/amsfonts/cm/cmti12.pfb></usr/local
/texlive/2020/texmf-dist/fonts/type1/public/amsfonts/cm/cmtt10.pfb></usr/local/
texlive/2020/texmf-dist/fonts/type1/public/amsfonts/cm/cmtt12.pfb></usr/local/t
exlive/2020/texmf-dist/fonts/type1/public/cm-super/sfrm0700.pfb></usr/local/tex
live/2020/texmf-dist/fonts/type1/public/cm-super/sfrm1000.pfb></usr/local/texli
ve/2020/texmf-dist/fonts/type1/public/cm-super/sfrm1200.pfb></usr/local/texlive
/2020/texmf-dist/fonts/type1/urw/symbol/usyr.pfb>
Output written on userGuide.pdf (56 pages, 5396687 bytes).
PDF statistics:
 481 PDF objects out of 1000 (max. 8388607)
 292 compressed objects within 3 object streams
 0 named destinations out of 1000 (max. 500000)
 181 words of extra memory for PDF output out of 10000 (max. 10000000)

